[17:22:52] [Client thread/INFO]: Setting user: Player640
[17:22:52] [Client thread/INFO]: (Session ID is token:0:Player640)
[17:22:53] [Client thread/INFO]: LWJGL Version: 2.9.4
[17:22:54] [Client thread/INFO]: Reloading ResourceManager: Default
[17:22:54] [Sound Library Loader/INFO]: Starting up SoundSystem...
[17:22:54] [Thread-6/INFO]: Initializing LWJGL OpenAL
[17:22:54] [Thread-6/INFO]: (The LWJGL binding of OpenAL.  For more information, see http://www.lwjgl.org)
[17:22:54] [Thread-6/INFO]: OpenAL initialized.
[17:22:54] [Sound Library Loader/INFO]: Sound engine started
[17:22:56] [Client thread/INFO]: Created: 1024x512 textures-atlas
[17:22:58] [Client thread/ERROR]: ########## GL ERROR ##########
[17:22:58] [Client thread/ERROR]: @ Post render
[17:22:58] [Client thread/ERROR]: 1283: Stack overflow
[17:22:58] [Client thread/ERROR]: ########## GL ERROR ##########
[17:22:58] [Client thread/ERROR]: @ Post render
[17:22:58] [Client thread/ERROR]: 1283: Stack overflow
[17:22:58] [Client thread/ERROR]: ########## GL ERROR ##########
[17:22:58] [Client thread/ERROR]: @ Post render
[17:22:58] [Client thread/ERROR]: 1283: Stack overflow
[17:22:58] [Client thread/ERROR]: ########## GL ERROR ##########
[17:22:58] [Client thread/ERROR]: @ Post render
[17:22:58] [Client thread/ERROR]: 1283: Stack overflow
[17:22:58] [Client thread/ERROR]: ########## GL ERROR ##########
[17:22:58] [Client thread/ERROR]: @ Post render
[17:22:58] [Client thread/ERROR]: 1283: Stack overflow
[17:22:58] [Client thread/ERROR]: ########## GL ERROR ##########
[17:22:58] [Client thread/ERROR]: @ Post render
[17:22:58] [Client thread/ERROR]: 1283: Stack overflow
[17:22:58] [Client thread/ERROR]: ########## GL ERROR ##########
[17:22:58] [Client thread/ERROR]: @ Post render
[17:22:58] [Client thread/ERROR]: 1283: Stack overflow
[17:22:58] [Client thread/ERROR]: ########## GL ERROR ##########
[17:22:58] [Client thread/ERROR]: @ Post render
[17:22:58] [Client thread/ERROR]: 1283: Stack overflow
[17:22:58] [Client thread/ERROR]: ########## GL ERROR ##########
[17:22:58] [Client thread/ERROR]: @ Post render
[17:22:58] [Client thread/ERROR]: 1283: Stack overflow
[17:22:58] [Client thread/ERROR]: ########## GL ERROR ##########
[17:22:58] [Client thread/ERROR]: @ Post render
[17:22:58] [Client thread/ERROR]: 1283: Stack overflow
[17:22:58] [Client thread/ERROR]: ########## GL ERROR ##########
[17:22:58] [Client thread/ERROR]: @ Post render
[17:22:58] [Client thread/ERROR]: 1283: Stack overflow
[17:22:58] [Client thread/ERROR]: ########## GL ERROR ##########
[17:22:58] [Client thread/ERROR]: @ Post render
[17:22:58] [Client thread/ERROR]: 1283: Stack overflow
[17:22:58] [Client thread/ERROR]: ########## GL ERROR ##########
[17:22:58] [Client thread/ERROR]: @ Post render
[17:22:58] [Client thread/ERROR]: 1283: Stack overflow
[17:22:58] [Client thread/ERROR]: ########## GL ERROR ##########
[17:22:58] [Client thread/ERROR]: @ Post render
[17:22:58] [Client thread/ERROR]: 1283: Stack overflow
[17:22:58] [Client thread/ERROR]: ########## GL ERROR ##########
[17:22:58] [Client thread/ERROR]: @ Post render
[17:22:58] [Client thread/ERROR]: 1283: Stack overflow
[17:22:59] [Client thread/INFO]: Stopping!
[17:22:59] [Client thread/INFO]: SoundSystem shutting down...
[17:22:59] [Client thread/WARN]: Author: Paul Lamb, www.paulscode.com
